{
  "stats": {
    "suites": 1,
    "tests": 4,
    "passes": 4,
    "pending": 0,
    "failures": 0,
    "start": "2021-12-30T07:45:20.732Z",
    "end": "2021-12-30T07:46:07.941Z",
    "duration": 47209,
    "testsRegistered": 4,
    "passPercent": 100,
    "pendingPercent": 0,
    "other": 0,
    "hasOther": false,
    "skipped": 0,
    "hasSkipped": false
  },
  "results": [
    {
      "uuid": "21ddce63-cb85-4abd-8961-de9d08e7934a",
      "title": "",
      "fullFile": "cypress/integration/campgroundTesting/loginValidation.js",
      "file": "cypress/integration/campgroundTesting/loginValidation.js",
      "beforeHooks": [],
      "afterHooks": [],
      "tests": [],
      "suites": [
        {
          "uuid": "70daea7a-a94a-43ce-84fd-e24c21b1ed42",
          "title": "Login validation",
          "fullFile": "",
          "file": "",
          "beforeHooks": [],
          "afterHooks": [],
          "tests": [
            {
              "title": "Login with incorrect password",
              "fullTitle": "Login validation Login with incorrect password",
              "timedOut": null,
              "duration": 8016,
              "state": "passed",
              "speed": "medium",
              "pass": true,
              "fail": false,
              "pending": false,
              "context": null,
              "code": "frontPage.clickViewCampgroundBtn();\nnavbar.clickOnLoginBtn();\nloginPage.enterUserName(globalThis.data.username);\nloginPage.enterPassword(globalThis.data.incorrect_password);\nloginPage.clickOnLoginBtn(false);\nloginPage.validateWarningMsg(globalThis.data.incorrectCredentials);\nloginPage.closeMsg();",
              "err": {},
              "uuid": "aa7c810e-f74d-40cb-bcc6-e393a848e2c3",
              "parentUUID": "70daea7a-a94a-43ce-84fd-e24c21b1ed42",
              "isHook": false,
              "skipped": false
            },
            {
              "title": "Login with correct password",
              "fullTitle": "Login validation Login with correct password",
              "timedOut": null,
              "duration": 10527,
              "state": "passed",
              "speed": "slow",
              "pass": true,
              "fail": false,
              "pending": false,
              "context": null,
              "code": "frontPage.clickViewCampgroundBtn();\nnavbar.clickOnLoginBtn();\nloginPage.enterUserName(globalThis.data.username);\nloginPage.enterPassword(globalThis.data.password);\nloginPage.clickOnLoginBtn(true);\nloginPage.validateWarningMsg(globalThis.data.welcomeMsg);\nloginPage.closeMsg();\nnavbar.clickOnLogoutBtn();\nloginPage.validateWarningMsg(globalThis.data.logoutMsg);\nloginPage.closeMsg();",
              "err": {},
              "uuid": "61f889bb-cff0-4ca7-9fa7-785bd7a54df9",
              "parentUUID": "70daea7a-a94a-43ce-84fd-e24c21b1ed42",
              "isHook": false,
              "skipped": false
            },
            {
              "title": "Login without entering credentials",
              "fullTitle": "Login validation Login without entering credentials",
              "timedOut": null,
              "duration": 3961,
              "state": "passed",
              "speed": "fast",
              "pass": true,
              "fail": false,
              "pending": false,
              "context": null,
              "code": "frontPage.clickLoginTab();\nloginPage.clickOnLoginBtn(false);\nloginPage.validateLoginPage();\nloginPage.validateWarningMsg(globalThis.data.missingCredentials);\nloginPage.closeMsg();",
              "err": {},
              "uuid": "68b88c5e-2860-426f-9a81-407fce9636a8",
              "parentUUID": "70daea7a-a94a-43ce-84fd-e24c21b1ed42",
              "isHook": false,
              "skipped": false
            },
            {
              "title": "Adding and deleting a review",
              "fullTitle": "Login validation Adding and deleting a review",
              "timedOut": null,
              "duration": 21968,
              "state": "passed",
              "speed": "slow",
              "pass": true,
              "fail": false,
              "pending": false,
              "context": null,
              "code": "const testComment = Cypress.currentTest.title + \" \" + Math.floor(Math.random() * 1000) + 1;\nfrontPage.clickLoginTab();\nloginPage.enterUserName(globalThis.data.username);\nloginPage.enterPassword(globalThis.data.password);\nloginPage.clickOnLoginBtn(true);\nhomePage.validateHomePage();\nhomePage.clickIndividualCampground();\nshowPage.getTotalReviews();\nshowPage.giveRating(globalThis.data.testRating3);\nshowPage.enterComments(testComment);\nshowPage.submitReview();\nshowPage.validateWarningMsg(globalThis.data.reviewAdded);\nshowPage.closeMsg();\nshowPage.reviewCountValidation('greater');\nshowPage.validateAddedReview(globalThis.data.testRating3, testComment);\nshowPage.deleteReview(testComment);\nshowPage.validateWarningMsg(globalThis.data.reviewDeleted);\nshowPage.closeMsg();\nshowPage.reviewCountValidation('equal');\nshowPage.validateDeletedReview(globalThis.data.testRating3, testComment);\nnavbar.clickOnLogoutBtn();",
              "err": {},
              "uuid": "f3829c73-feea-4aea-9f74-01d3dab6474e",
              "parentUUID": "70daea7a-a94a-43ce-84fd-e24c21b1ed42",
              "isHook": false,
              "skipped": false
            }
          ],
          "suites": [],
          "passes": [
            "aa7c810e-f74d-40cb-bcc6-e393a848e2c3",
            "61f889bb-cff0-4ca7-9fa7-785bd7a54df9",
            "68b88c5e-2860-426f-9a81-407fce9636a8",
            "f3829c73-feea-4aea-9f74-01d3dab6474e"
          ],
          "failures": [],
          "pending": [],
          "skipped": [],
          "duration": 44472,
          "root": false,
          "rootEmpty": false,
          "_timeout": 2000
        }
      ],
      "passes": [],
      "failures": [],
      "pending": [],
      "skipped": [],
      "duration": 0,
      "root": true,
      "rootEmpty": true,
      "_timeout": 2000
    }
  ],
  "meta": {
    "mocha": {
      "version": "7.0.1"
    },
    "mochawesome": {
      "options": {
        "quiet": false,
        "reportFilename": "mochawesome",
        "saveHtml": false,
        "saveJson": true,
        "consoleReporter": "spec",
        "useInlineDiffs": false,
        "code": true
      },
      "version": "7.0.1"
    },
    "marge": {
      "options": {
        "reportDir": "cypress/results/jsonfiles",
        "overwrite": false,
        "html": false,
        "json": true
      },
      "version": "6.0.1"
    }
  }
}