{
  "stats": {
    "suites": 1,
    "tests": 1,
    "passes": 1,
    "pending": 0,
    "failures": 0,
    "start": "2021-12-30T07:45:02.522Z",
    "end": "2021-12-30T07:45:14.634Z",
    "duration": 12112,
    "testsRegistered": 1,
    "passPercent": 100,
    "pendingPercent": 0,
    "other": 0,
    "hasOther": false,
    "skipped": 0,
    "hasSkipped": false
  },
  "results": [
    {
      "uuid": "9f555037-0aad-48a8-8816-658b9329ce87",
      "title": "",
      "fullFile": "cypress/integration/campgroundTesting/basicValidation.js",
      "file": "cypress/integration/campgroundTesting/basicValidation.js",
      "beforeHooks": [],
      "afterHooks": [],
      "tests": [],
      "suites": [
        {
          "uuid": "dd5f03c9-d73d-49fe-96cf-4a35b222c27f",
          "title": "Basic validation",
          "fullFile": "",
          "file": "",
          "beforeHooks": [],
          "afterHooks": [],
          "tests": [
            {
              "title": "validation of show page without login",
              "fullTitle": "Basic validation validation of show page without login",
              "timedOut": null,
              "duration": 8646,
              "state": "passed",
              "speed": "medium",
              "pass": true,
              "fail": false,
              "pending": false,
              "context": null,
              "code": "frontPage.clickViewCampgroundBtn();\nhomePage.getCampgroundTxt();\nhomePage.clickIndividualCampground();\nshowPage.validateCampgroundText();\nshowPage.cannotReviewValidation();\nnavbar.clickOnNewBtn(false);\nloginPage.validateWarningMsg(globalThis.data.mustLoginMsg);\nloginPage.closeMsg();",
              "err": {},
              "uuid": "29c89d27-ff65-4f37-a962-5591007361b2",
              "parentUUID": "dd5f03c9-d73d-49fe-96cf-4a35b222c27f",
              "isHook": false,
              "skipped": false
            }
          ],
          "suites": [],
          "passes": [
            "29c89d27-ff65-4f37-a962-5591007361b2"
          ],
          "failures": [],
          "pending": [],
          "skipped": [],
          "duration": 8646,
          "root": false,
          "rootEmpty": false,
          "_timeout": 2000
        }
      ],
      "passes": [],
      "failures": [],
      "pending": [],
      "skipped": [],
      "duration": 0,
      "root": true,
      "rootEmpty": true,
      "_timeout": 2000
    }
  ],
  "meta": {
    "mocha": {
      "version": "7.0.1"
    },
    "mochawesome": {
      "options": {
        "quiet": false,
        "reportFilename": "mochawesome",
        "saveHtml": false,
        "saveJson": true,
        "consoleReporter": "spec",
        "useInlineDiffs": false,
        "code": true
      },
      "version": "7.0.1"
    },
    "marge": {
      "options": {
        "reportDir": "cypress/results/jsonfiles",
        "overwrite": false,
        "html": false,
        "json": true
      },
      "version": "6.0.1"
    }
  }
}