{
  "stats": {
    "suites": 1,
    "tests": 4,
    "passes": 4,
    "pending": 0,
    "failures": 0,
    "start": "2021-12-30T09:10:31.443Z",
    "end": "2021-12-30T09:11:20.995Z",
    "duration": 49552,
    "testsRegistered": 4,
    "passPercent": 100,
    "pendingPercent": 0,
    "other": 0,
    "hasOther": false,
    "skipped": 0,
    "hasSkipped": false
  },
  "results": [
    {
      "uuid": "d7b9db13-df77-4969-aa3c-bf1858f73516",
      "title": "",
      "fullFile": "cypress/integration/campgroundTesting/loginValidation.js",
      "file": "cypress/integration/campgroundTesting/loginValidation.js",
      "beforeHooks": [],
      "afterHooks": [],
      "tests": [],
      "suites": [
        {
          "uuid": "8c25e459-497e-4611-bcd9-dfcc3830abe3",
          "title": "Login validation",
          "fullFile": "",
          "file": "",
          "beforeHooks": [],
          "afterHooks": [],
          "tests": [
            {
              "title": "Login with incorrect password",
              "fullTitle": "Login validation Login with incorrect password",
              "timedOut": null,
              "duration": 9126,
              "state": "passed",
              "speed": "medium",
              "pass": true,
              "fail": false,
              "pending": false,
              "context": null,
              "code": "frontPage.clickViewCampgroundBtn();\nnavbar.clickOnLoginBtn();\nloginPage.enterUserName(globalThis.data.username);\nloginPage.enterPassword(globalThis.data.incorrect_password);\nloginPage.clickOnLoginBtn(false);\nloginPage.validateWarningMsg(globalThis.data.incorrectCredentials);\nloginPage.closeMsg();",
              "err": {},
              "uuid": "305a9bcd-4feb-4799-bc86-9637d0279786",
              "parentUUID": "8c25e459-497e-4611-bcd9-dfcc3830abe3",
              "isHook": false,
              "skipped": false
            },
            {
              "title": "Login with correct password",
              "fullTitle": "Login validation Login with correct password",
              "timedOut": null,
              "duration": 10761,
              "state": "passed",
              "speed": "slow",
              "pass": true,
              "fail": false,
              "pending": false,
              "context": null,
              "code": "frontPage.clickViewCampgroundBtn();\nnavbar.clickOnLoginBtn();\nloginPage.enterUserName(globalThis.data.username);\nloginPage.enterPassword(globalThis.data.password);\nloginPage.clickOnLoginBtn(true);\nloginPage.validateWarningMsg(globalThis.data.welcomeMsg);\nloginPage.closeMsg();\nnavbar.clickOnLogoutBtn();\nloginPage.validateWarningMsg(globalThis.data.logoutMsg);\nloginPage.closeMsg();",
              "err": {},
              "uuid": "a00d7cfb-9765-4ac2-a1dc-fd81f1483de7",
              "parentUUID": "8c25e459-497e-4611-bcd9-dfcc3830abe3",
              "isHook": false,
              "skipped": false
            },
            {
              "title": "Login without entering credentials",
              "fullTitle": "Login validation Login without entering credentials",
              "timedOut": null,
              "duration": 4326,
              "state": "passed",
              "speed": "fast",
              "pass": true,
              "fail": false,
              "pending": false,
              "context": null,
              "code": "frontPage.clickLoginTab();\nloginPage.clickOnLoginBtn(false);\nloginPage.validateLoginPage();\nloginPage.validateWarningMsg(globalThis.data.missingCredentials);\nloginPage.closeMsg();",
              "err": {},
              "uuid": "94588056-dffc-4c1a-9afa-3d8067a34f0b",
              "parentUUID": "8c25e459-497e-4611-bcd9-dfcc3830abe3",
              "isHook": false,
              "skipped": false
            },
            {
              "title": "Adding and deleting a review",
              "fullTitle": "Login validation Adding and deleting a review",
              "timedOut": null,
              "duration": 22408,
              "state": "passed",
              "speed": "slow",
              "pass": true,
              "fail": false,
              "pending": false,
              "context": null,
              "code": "const testComment = Cypress.currentTest.title + \" \" + Math.floor(Math.random() * 1000) + 1;\nfrontPage.clickLoginTab();\nloginPage.enterUserName(globalThis.data.username);\nloginPage.enterPassword(globalThis.data.password);\nloginPage.clickOnLoginBtn(true);\nhomePage.validateHomePage();\nhomePage.clickIndividualCampground();\nshowPage.getTotalReviews();\nshowPage.giveRating(globalThis.data.testRating3);\nshowPage.enterComments(testComment);\nshowPage.submitReview();\nshowPage.validateWarningMsg(globalThis.data.reviewAdded);\nshowPage.closeMsg();\nshowPage.reviewCountValidation('greater');\nshowPage.validateAddedReview(globalThis.data.testRating3, testComment);\nshowPage.deleteReview(testComment);\nshowPage.validateWarningMsg(globalThis.data.reviewDeleted);\nshowPage.closeMsg();\nshowPage.reviewCountValidation('equal');\nshowPage.validateDeletedReview(globalThis.data.testRating3, testComment);\nnavbar.clickOnLogoutBtn();",
              "err": {},
              "uuid": "d2a3231e-3da4-4c21-ac3e-789a423e1381",
              "parentUUID": "8c25e459-497e-4611-bcd9-dfcc3830abe3",
              "isHook": false,
              "skipped": false
            }
          ],
          "suites": [],
          "passes": [
            "305a9bcd-4feb-4799-bc86-9637d0279786",
            "a00d7cfb-9765-4ac2-a1dc-fd81f1483de7",
            "94588056-dffc-4c1a-9afa-3d8067a34f0b",
            "d2a3231e-3da4-4c21-ac3e-789a423e1381"
          ],
          "failures": [],
          "pending": [],
          "skipped": [],
          "duration": 46621,
          "root": false,
          "rootEmpty": false,
          "_timeout": 2000
        }
      ],
      "passes": [],
      "failures": [],
      "pending": [],
      "skipped": [],
      "duration": 0,
      "root": true,
      "rootEmpty": true,
      "_timeout": 2000
    }
  ],
  "meta": {
    "mocha": {
      "version": "7.0.1"
    },
    "mochawesome": {
      "options": {
        "quiet": false,
        "reportFilename": "mochawesome",
        "saveHtml": false,
        "saveJson": true,
        "consoleReporter": "spec",
        "useInlineDiffs": false,
        "code": true
      },
      "version": "7.0.1"
    },
    "marge": {
      "options": {
        "reportDir": "cypress/results/jsonfiles",
        "overwrite": false,
        "html": false,
        "json": true
      },
      "version": "6.0.1"
    }
  }
}