{
  "stats": {
    "suites": 1,
    "tests": 1,
    "passes": 1,
    "pending": 0,
    "failures": 0,
    "start": "2022-01-21T05:09:46.171Z",
    "end": "2022-01-21T05:09:58.932Z",
    "duration": 12761,
    "testsRegistered": 1,
    "passPercent": 100,
    "pendingPercent": 0,
    "other": 0,
    "hasOther": false,
    "skipped": 0,
    "hasSkipped": false
  },
  "results": [
    {
      "uuid": "2cda43a1-53bb-4b1f-b12d-af000f137a05",
      "title": "",
      "fullFile": "cypress/integration/campgroundTesting/basicValidation.js",
      "file": "cypress/integration/campgroundTesting/basicValidation.js",
      "beforeHooks": [],
      "afterHooks": [],
      "tests": [],
      "suites": [
        {
          "uuid": "c822e69d-8217-4c0b-aa6c-43d55e854f66",
          "title": "Basic validation",
          "fullFile": "",
          "file": "",
          "beforeHooks": [],
          "afterHooks": [],
          "tests": [
            {
              "title": "validation of show page without login",
              "fullTitle": "Basic validation validation of show page without login",
              "timedOut": null,
              "duration": 9058,
              "state": "passed",
              "speed": "medium",
              "pass": true,
              "fail": false,
              "pending": false,
              "context": null,
              "code": "frontPage.clickViewCampgroundBtn();\nhomePage.getCampgroundTxt();\nhomePage.clickIndividualCampground();\nshowPage.validateCampgroundText();\nshowPage.cannotReviewValidation();\nnavbar.clickOnNewBtn(false);\nloginPage.validateWarningMsg(globalThis.data.mustLoginMsg);\nloginPage.closeMsg();",
              "err": {},
              "uuid": "2be84a68-5b1c-4457-8d2f-2c3b5a13752c",
              "parentUUID": "c822e69d-8217-4c0b-aa6c-43d55e854f66",
              "isHook": false,
              "skipped": false
            }
          ],
          "suites": [],
          "passes": [
            "2be84a68-5b1c-4457-8d2f-2c3b5a13752c"
          ],
          "failures": [],
          "pending": [],
          "skipped": [],
          "duration": 9058,
          "root": false,
          "rootEmpty": false,
          "_timeout": 2000
        }
      ],
      "passes": [],
      "failures": [],
      "pending": [],
      "skipped": [],
      "duration": 0,
      "root": true,
      "rootEmpty": true,
      "_timeout": 2000
    }
  ],
  "meta": {
    "mocha": {
      "version": "7.0.1"
    },
    "mochawesome": {
      "options": {
        "quiet": false,
        "reportFilename": "mochawesome",
        "saveHtml": false,
        "saveJson": true,
        "consoleReporter": "spec",
        "useInlineDiffs": false,
        "code": true
      },
      "version": "7.0.1"
    },
    "marge": {
      "options": {
        "reportDir": "cypress/results/jsonfiles",
        "overwrite": false,
        "html": false,
        "json": true
      },
      "version": "6.0.1"
    }
  }
}