{
  "stats": {
    "suites": 1,
    "tests": 1,
    "passes": 1,
    "pending": 0,
    "failures": 0,
    "start": "2021-12-30T09:10:01.461Z",
    "end": "2021-12-30T09:10:21.638Z",
    "duration": 20177,
    "testsRegistered": 1,
    "passPercent": 100,
    "pendingPercent": 0,
    "other": 0,
    "hasOther": false,
    "skipped": 0,
    "hasSkipped": false
  },
  "results": [
    {
      "uuid": "8c642a70-7fc4-4b06-bc4a-399529ad5a4e",
      "title": "",
      "fullFile": "cypress/integration/campgroundTesting/basicValidation.js",
      "file": "cypress/integration/campgroundTesting/basicValidation.js",
      "beforeHooks": [],
      "afterHooks": [],
      "tests": [],
      "suites": [
        {
          "uuid": "5e063ab3-0179-4640-a94e-cb6e1079404f",
          "title": "Basic validation",
          "fullFile": "",
          "file": "",
          "beforeHooks": [],
          "afterHooks": [],
          "tests": [
            {
              "title": "validation of show page without login",
              "fullTitle": "Basic validation validation of show page without login",
              "timedOut": null,
              "duration": 9539,
              "state": "passed",
              "speed": "medium",
              "pass": true,
              "fail": false,
              "pending": false,
              "context": null,
              "code": "frontPage.clickViewCampgroundBtn();\nhomePage.getCampgroundTxt();\nhomePage.clickIndividualCampground();\nshowPage.validateCampgroundText();\nshowPage.cannotReviewValidation();\nnavbar.clickOnNewBtn(false);\nloginPage.validateWarningMsg(globalThis.data.mustLoginMsg);\nloginPage.closeMsg();",
              "err": {},
              "uuid": "17eacdff-b835-4483-a675-e8e23201fd63",
              "parentUUID": "5e063ab3-0179-4640-a94e-cb6e1079404f",
              "isHook": false,
              "skipped": false
            }
          ],
          "suites": [],
          "passes": [
            "17eacdff-b835-4483-a675-e8e23201fd63"
          ],
          "failures": [],
          "pending": [],
          "skipped": [],
          "duration": 9539,
          "root": false,
          "rootEmpty": false,
          "_timeout": 2000
        }
      ],
      "passes": [],
      "failures": [],
      "pending": [],
      "skipped": [],
      "duration": 0,
      "root": true,
      "rootEmpty": true,
      "_timeout": 2000
    }
  ],
  "meta": {
    "mocha": {
      "version": "7.0.1"
    },
    "mochawesome": {
      "options": {
        "quiet": false,
        "reportFilename": "mochawesome",
        "saveHtml": false,
        "saveJson": true,
        "consoleReporter": "spec",
        "useInlineDiffs": false,
        "code": true
      },
      "version": "7.0.1"
    },
    "marge": {
      "options": {
        "reportDir": "cypress/results/jsonfiles",
        "overwrite": false,
        "html": false,
        "json": true
      },
      "version": "6.0.1"
    }
  }
}